[main] ERROR com.infytel.repository.CustomerDAOImpl  - Unknown database 'ormdb'
java.sql.SQLSyntaxErrorException: Unknown database 'ormdb'
	at com.mysql.cj.jdbc.exceptions.SQLError.createSQLException(SQLError.java:120)
	at com.mysql.cj.jdbc.exceptions.SQLError.createSQLException(SQLError.java:97)
	at com.mysql.cj.jdbc.exceptions.SQLExceptionsMapping.translateException(SQLExceptionsMapping.java:122)
	at com.mysql.cj.jdbc.ConnectionImpl.createNewIO(ConnectionImpl.java:836)
	at com.mysql.cj.jdbc.ConnectionImpl.<init>(ConnectionImpl.java:456)
	at com.mysql.cj.jdbc.ConnectionImpl.getInstance(ConnectionImpl.java:246)
	at com.mysql.cj.jdbc.NonRegisteringDriver.connect(NonRegisteringDriver.java:197)
	at java.sql/java.sql.DriverManager.getConnection(DriverManager.java:677)
	at java.sql/java.sql.DriverManager.getConnection(DriverManager.java:228)
	at com.infytel.repository.CustomerDAOImpl.insert(CustomerDAOImpl.java:29)
	at com.infytel.service.CustomerServiceImpl.insert(CustomerServiceImpl.java:11)
	at com.infytel.ClientApplication.main(ClientApplication.java:19)
[main] ERROR com.infytel.repository.CustomerDAOImpl  - Cannot invoke "java.sql.PreparedStatement.close()" because "this.stmt" is null
java.lang.NullPointerException: Cannot invoke "java.sql.PreparedStatement.close()" because "this.stmt" is null
	at com.infytel.repository.CustomerDAOImpl.insert(CustomerDAOImpl.java:48)
	at com.infytel.service.CustomerServiceImpl.insert(CustomerServiceImpl.java:11)
	at com.infytel.ClientApplication.main(ClientApplication.java:19)
[main] INFO  com.infytel.ClientApplication  - Records are successfully added..
[main] ERROR com.infytel.repository.CustomerDAOImpl  - Unknown database 'ormdb'
java.sql.SQLSyntaxErrorException: Unknown database 'ormdb'
	at com.mysql.cj.jdbc.exceptions.SQLError.createSQLException(SQLError.java:120)
	at com.mysql.cj.jdbc.exceptions.SQLError.createSQLException(SQLError.java:97)
	at com.mysql.cj.jdbc.exceptions.SQLExceptionsMapping.translateException(SQLExceptionsMapping.java:122)
	at com.mysql.cj.jdbc.ConnectionImpl.createNewIO(ConnectionImpl.java:836)
	at com.mysql.cj.jdbc.ConnectionImpl.<init>(ConnectionImpl.java:456)
	at com.mysql.cj.jdbc.ConnectionImpl.getInstance(ConnectionImpl.java:246)
	at com.mysql.cj.jdbc.NonRegisteringDriver.connect(NonRegisteringDriver.java:197)
	at java.sql/java.sql.DriverManager.getConnection(DriverManager.java:677)
	at java.sql/java.sql.DriverManager.getConnection(DriverManager.java:228)
	at com.infytel.repository.CustomerDAOImpl.insert(CustomerDAOImpl.java:29)
	at com.infytel.service.CustomerServiceImpl.insert(CustomerServiceImpl.java:11)
	at com.infytel.ClientApplication.main(ClientApplication.java:19)
[main] ERROR com.infytel.repository.CustomerDAOImpl  - Cannot invoke "java.sql.PreparedStatement.close()" because "this.stmt" is null
java.lang.NullPointerException: Cannot invoke "java.sql.PreparedStatement.close()" because "this.stmt" is null
	at com.infytel.repository.CustomerDAOImpl.insert(CustomerDAOImpl.java:48)
	at com.infytel.service.CustomerServiceImpl.insert(CustomerServiceImpl.java:11)
	at com.infytel.ClientApplication.main(ClientApplication.java:19)
[main] INFO  com.infytel.ClientApplication  - Records are successfully added..
[main] ERROR com.infytel.repository.CustomerDAOImpl  - Unknown database 'ormdb'
java.sql.SQLSyntaxErrorException: Unknown database 'ormdb'
	at com.mysql.cj.jdbc.exceptions.SQLError.createSQLException(SQLError.java:120)
	at com.mysql.cj.jdbc.exceptions.SQLError.createSQLException(SQLError.java:97)
	at com.mysql.cj.jdbc.exceptions.SQLExceptionsMapping.translateException(SQLExceptionsMapping.java:122)
	at com.mysql.cj.jdbc.ConnectionImpl.createNewIO(ConnectionImpl.java:836)
	at com.mysql.cj.jdbc.ConnectionImpl.<init>(ConnectionImpl.java:456)
	at com.mysql.cj.jdbc.ConnectionImpl.getInstance(ConnectionImpl.java:246)
	at com.mysql.cj.jdbc.NonRegisteringDriver.connect(NonRegisteringDriver.java:197)
	at java.sql/java.sql.DriverManager.getConnection(DriverManager.java:677)
	at java.sql/java.sql.DriverManager.getConnection(DriverManager.java:228)
	at com.infytel.repository.CustomerDAOImpl.remove(CustomerDAOImpl.java:68)
	at com.infytel.service.CustomerServiceImpl.remove(CustomerServiceImpl.java:15)
	at com.infytel.ClientApplication.main(ClientApplication.java:24)
[main] ERROR com.infytel.repository.CustomerDAOImpl  - Cannot invoke "java.sql.PreparedStatement.close()" because "this.stmt" is null
java.lang.NullPointerException: Cannot invoke "java.sql.PreparedStatement.close()" because "this.stmt" is null
	at com.infytel.repository.CustomerDAOImpl.remove(CustomerDAOImpl.java:80)
	at com.infytel.service.CustomerServiceImpl.remove(CustomerServiceImpl.java:15)
	at com.infytel.ClientApplication.main(ClientApplication.java:24)
[main] INFO  com.infytel.ClientApplication  - Success : Record deleted successfully 
[main] ERROR com.infytel.repository.CustomerDAOImpl  - Unknown database 'ormdb'
java.sql.SQLSyntaxErrorException: Unknown database 'ormdb'
	at com.mysql.cj.jdbc.exceptions.SQLError.createSQLException(SQLError.java:120)
	at com.mysql.cj.jdbc.exceptions.SQLError.createSQLException(SQLError.java:97)
	at com.mysql.cj.jdbc.exceptions.SQLExceptionsMapping.translateException(SQLExceptionsMapping.java:122)
	at com.mysql.cj.jdbc.ConnectionImpl.createNewIO(ConnectionImpl.java:836)
	at com.mysql.cj.jdbc.ConnectionImpl.<init>(ConnectionImpl.java:456)
	at com.mysql.cj.jdbc.ConnectionImpl.getInstance(ConnectionImpl.java:246)
	at com.mysql.cj.jdbc.NonRegisteringDriver.connect(NonRegisteringDriver.java:197)
	at java.sql/java.sql.DriverManager.getConnection(DriverManager.java:677)
	at java.sql/java.sql.DriverManager.getConnection(DriverManager.java:228)
	at com.infytel.repository.CustomerDAOImpl.insert(CustomerDAOImpl.java:29)
	at com.infytel.service.CustomerServiceImpl.insert(CustomerServiceImpl.java:11)
	at com.infytel.ClientApplication.main(ClientApplication.java:19)
[main] ERROR com.infytel.repository.CustomerDAOImpl  - Cannot invoke "java.sql.PreparedStatement.close()" because "this.stmt" is null
java.lang.NullPointerException: Cannot invoke "java.sql.PreparedStatement.close()" because "this.stmt" is null
	at com.infytel.repository.CustomerDAOImpl.insert(CustomerDAOImpl.java:48)
	at com.infytel.service.CustomerServiceImpl.insert(CustomerServiceImpl.java:11)
	at com.infytel.ClientApplication.main(ClientApplication.java:19)
[main] INFO  com.infytel.ClientApplication  - Records are successfully added..
[main] ERROR com.infytel.repository.CustomerDAOImpl  - Unknown database 'ormdb'
java.sql.SQLSyntaxErrorException: Unknown database 'ormdb'
	at com.mysql.cj.jdbc.exceptions.SQLError.createSQLException(SQLError.java:120)
	at com.mysql.cj.jdbc.exceptions.SQLError.createSQLException(SQLError.java:97)
	at com.mysql.cj.jdbc.exceptions.SQLExceptionsMapping.translateException(SQLExceptionsMapping.java:122)
	at com.mysql.cj.jdbc.ConnectionImpl.createNewIO(ConnectionImpl.java:836)
	at com.mysql.cj.jdbc.ConnectionImpl.<init>(ConnectionImpl.java:456)
	at com.mysql.cj.jdbc.ConnectionImpl.getInstance(ConnectionImpl.java:246)
	at com.mysql.cj.jdbc.NonRegisteringDriver.connect(NonRegisteringDriver.java:197)
	at java.sql/java.sql.DriverManager.getConnection(DriverManager.java:677)
	at java.sql/java.sql.DriverManager.getConnection(DriverManager.java:228)
	at com.infytel.repository.CustomerDAOImpl.remove(CustomerDAOImpl.java:68)
	at com.infytel.service.CustomerServiceImpl.remove(CustomerServiceImpl.java:15)
	at com.infytel.ClientApplication.main(ClientApplication.java:24)
[main] ERROR com.infytel.repository.CustomerDAOImpl  - Cannot invoke "java.sql.PreparedStatement.close()" because "this.stmt" is null
java.lang.NullPointerException: Cannot invoke "java.sql.PreparedStatement.close()" because "this.stmt" is null
	at com.infytel.repository.CustomerDAOImpl.remove(CustomerDAOImpl.java:80)
	at com.infytel.service.CustomerServiceImpl.remove(CustomerServiceImpl.java:15)
	at com.infytel.ClientApplication.main(ClientApplication.java:24)
[main] INFO  com.infytel.ClientApplication  - Success : Record deleted successfully 
[main] ERROR com.infytel.repository.CustomerDAOImpl  - Unknown database 'ormdb'
java.sql.SQLSyntaxErrorException: Unknown database 'ormdb'
	at com.mysql.cj.jdbc.exceptions.SQLError.createSQLException(SQLError.java:120)
	at com.mysql.cj.jdbc.exceptions.SQLError.createSQLException(SQLError.java:97)
	at com.mysql.cj.jdbc.exceptions.SQLExceptionsMapping.translateException(SQLExceptionsMapping.java:122)
	at com.mysql.cj.jdbc.ConnectionImpl.createNewIO(ConnectionImpl.java:836)
	at com.mysql.cj.jdbc.ConnectionImpl.<init>(ConnectionImpl.java:456)
	at com.mysql.cj.jdbc.ConnectionImpl.getInstance(ConnectionImpl.java:246)
	at com.mysql.cj.jdbc.NonRegisteringDriver.connect(NonRegisteringDriver.java:197)
	at java.sql/java.sql.DriverManager.getConnection(DriverManager.java:677)
	at java.sql/java.sql.DriverManager.getConnection(DriverManager.java:228)
	at com.infytel.repository.CustomerDAOImpl.insert(CustomerDAOImpl.java:29)
	at com.infytel.service.CustomerServiceImpl.insert(CustomerServiceImpl.java:11)
	at com.infytel.ClientApplication.main(ClientApplication.java:19)
[main] ERROR com.infytel.repository.CustomerDAOImpl  - Cannot invoke "java.sql.PreparedStatement.close()" because "this.stmt" is null
java.lang.NullPointerException: Cannot invoke "java.sql.PreparedStatement.close()" because "this.stmt" is null
	at com.infytel.repository.CustomerDAOImpl.insert(CustomerDAOImpl.java:48)
	at com.infytel.service.CustomerServiceImpl.insert(CustomerServiceImpl.java:11)
	at com.infytel.ClientApplication.main(ClientApplication.java:19)
[main] INFO  com.infytel.ClientApplication  - Records are successfully added..
[main] ERROR com.infytel.repository.CustomerDAOImpl  - Table 'ormdb.customer' doesn't exist
java.sql.SQLSyntaxErrorException: Table 'ormdb.customer' doesn't exist
	at com.mysql.cj.jdbc.exceptions.SQLError.createSQLException(SQLError.java:120)
	at com.mysql.cj.jdbc.exceptions.SQLError.createSQLException(SQLError.java:97)
	at com.mysql.cj.jdbc.exceptions.SQLExceptionsMapping.translateException(SQLExceptionsMapping.java:122)
	at com.mysql.cj.jdbc.ClientPreparedStatement.executeInternal(ClientPreparedStatement.java:953)
	at com.mysql.cj.jdbc.ClientPreparedStatement.executeUpdateInternal(ClientPreparedStatement.java:1092)
	at com.mysql.cj.jdbc.ClientPreparedStatement.executeUpdateInternal(ClientPreparedStatement.java:1040)
	at com.mysql.cj.jdbc.ClientPreparedStatement.executeLargeUpdate(ClientPreparedStatement.java:1347)
	at com.mysql.cj.jdbc.ClientPreparedStatement.executeUpdate(ClientPreparedStatement.java:1025)
	at com.infytel.repository.CustomerDAOImpl.insert(CustomerDAOImpl.java:41)
	at com.infytel.service.CustomerServiceImpl.insert(CustomerServiceImpl.java:11)
	at com.infytel.ClientApplication.main(ClientApplication.java:19)
[main] INFO  com.infytel.ClientApplication  - Records are successfully added..
[main] ERROR com.infytel.repository.CustomerDAOImpl  - Data truncation: Out of range value for column 'phone_no' at row 1
com.mysql.cj.jdbc.exceptions.MysqlDataTruncation: Data truncation: Out of range value for column 'phone_no' at row 1
	at com.mysql.cj.jdbc.exceptions.SQLExceptionsMapping.translateException(SQLExceptionsMapping.java:104)
	at com.mysql.cj.jdbc.ClientPreparedStatement.executeInternal(ClientPreparedStatement.java:953)
	at com.mysql.cj.jdbc.ClientPreparedStatement.executeUpdateInternal(ClientPreparedStatement.java:1092)
	at com.mysql.cj.jdbc.ClientPreparedStatement.executeUpdateInternal(ClientPreparedStatement.java:1040)
	at com.mysql.cj.jdbc.ClientPreparedStatement.executeLargeUpdate(ClientPreparedStatement.java:1347)
	at com.mysql.cj.jdbc.ClientPreparedStatement.executeUpdate(ClientPreparedStatement.java:1025)
	at com.infytel.repository.CustomerDAOImpl.insert(CustomerDAOImpl.java:41)
	at com.infytel.service.CustomerServiceImpl.insert(CustomerServiceImpl.java:11)
	at com.infytel.ClientApplication.main(ClientApplication.java:19)
[main] INFO  com.infytel.ClientApplication  - Records are successfully added..
[main] INFO  com.infytel.repository.CustomerDAOImpl  - Record inserted
[main] INFO  com.infytel.ClientApplication  - Records are successfully added..
[main] INFO  com.infytel.ClientApplication  - Success : Record deleted successfully 
